Arguments: 
  /usr/local/bin/node /usr/local/Cellar/yarn/1.5.1_1/libexec/bin/yarn.js install

PATH: 
  /usr/local/bin:/usr/bin:/bin:/usr/sbin:/sbin

Yarn version: 
  1.5.1

Node version: 
  10.15.3

Platform: 
  darwin x64

npm manifest: 
  {
    "name": "easy-assertions",
    "version": "1.0.0",
    "description": "functions to make easier assertions to validate form fields",
    "main": "index.js",
    "scripts": {
      "test": "jest"
    },
    "keywords": [
      "assertions",
      "forms",
      "validations"
    ],
    "author": "miguel.angel.romero.gtz@gmail.com",
    "license": "ISC",
    "devDependencies": {
      "@babel/core": "^7.4.4",
      "@babel/preset-env": "^7.4.4",
      "@types/jest": "^24.0.12",
      "@babel/jest": "^24.8.0",
      "jest-cli": "^23.6.0"
    }
  }

yarn manifest: 
  No manifest

Lockfile: 
  No lockfile

Trace: 
  Error: https://registry.yarnpkg.com/@babel%2fjest: Not found
      at Request.params.callback [as _callback] (/usr/local/Cellar/yarn/1.5.1_1/libexec/lib/cli.js:65019:18)
      at Request.self.callback (/usr/local/Cellar/yarn/1.5.1_1/libexec/lib/cli.js:132430:22)
      at Request.emit (events.js:189:13)
      at Request.<anonymous> (/usr/local/Cellar/yarn/1.5.1_1/libexec/lib/cli.js:133413:10)
      at Request.emit (events.js:189:13)
      at IncomingMessage.<anonymous> (/usr/local/Cellar/yarn/1.5.1_1/libexec/lib/cli.js:133333:12)
      at Object.onceWrapper (events.js:277:13)
      at IncomingMessage.emit (events.js:194:15)
      at endReadableNT (_stream_readable.js:1125:12)
      at process._tickCallback (internal/process/next_tick.js:63:19)
